20/06/18 16:04:31 : Username and Password not accepted. Learn more at<EOL> https://support.google.com/mail/?p=BadCredentials u16sm3213493qkm.107 - gsmtp<EOL>
20/06/19 08:30:52 : Username and Password not accepted. Learn more at<EOL> https://support.google.com/mail/?p=BadCredentials b53sm5839450qtc.65 - gsmtp<EOL>
20/06/19 08:50:09 : Username and Password not accepted. Learn more at<EOL> https://support.google.com/mail/?p=BadCredentials v2sm5536401qtq.8 - gsmtp<EOL>
20/06/19 09:42:29 : Username and Password not accepted. Learn more at<EOL> https://support.google.com/mail/?p=BadCredentials r7sm4592646qtm.66 - gsmtp<EOL>
20/06/19 09:43:36 : Username and Password not accepted. Learn more at<EOL> https://support.google.com/mail/?p=BadCredentials m128sm5106217qke.90 - gsmtp<EOL>
20/06/19 09:45:33 : Username and Password not accepted. Learn more at<EOL> https://support.google.com/mail/?p=BadCredentials p185sm5600587qkd.128 - gsmtp<EOL>
20/06/19 09:46:14 : Username and Password not accepted. Learn more at<EOL> https://support.google.com/mail/?p=BadCredentials 60sm5503934qth.78 - gsmtp<EOL>
20/06/19 09:47:59 : Username and Password not accepted. Learn more at<EOL> https://support.google.com/mail/?p=BadCredentials 207sm5578509qki.134 - gsmtp<EOL>
20/06/19 09:48:35 : Username and Password not accepted. Learn more at<EOL> https://support.google.com/mail/?p=BadCredentials e16sm6202774qtc.71 - gsmtp<EOL>
20/06/19 09:53:16 : Username and Password not accepted. Learn more at<EOL> https://support.google.com/mail/?p=BadCredentials j22sm5904833qke.117 - gsmtp<EOL>
20/06/19 09:54:59 : Username and Password not accepted. Learn more at<EOL> https://support.google.com/mail/?p=BadCredentials q24sm5942221qkj.103 - gsmtp<EOL>
20/06/19 09:55:59 : Username and Password not accepted. Learn more at<EOL> https://support.google.com/mail/?p=BadCredentials k81sm5652918qke.11 - gsmtp<EOL>
20/06/19 10:12:37 : Username and Password not accepted. Learn more at<EOL> https://support.google.com/mail/?p=BadCredentials l1sm3140985qtk.18 - gsmtp<EOL>
20/06/19 10:17:45 : Username and Password not accepted. Learn more at<EOL> https://support.google.com/mail/?p=BadCredentials a81sm6079053qkb.24 - gsmtp<EOL>
20/06/19 10:19:12 : Username and Password not accepted. Learn more at<EOL> https://support.google.com/mail/?p=BadCredentials d14sm5341023qkg.25 - gsmtp<EOL>
20/06/19 10:19:57 : Username and Password not accepted. Learn more at<EOL> https://support.google.com/mail/?p=BadCredentials r30sm6002192qtb.87 - gsmtp<EOL>
20/06/19 10:44:44 : Username and Password not accepted. Learn more at<EOL> https://support.google.com/mail/?p=BadCredentials u14sm5372353qkj.18 - gsmtp<EOL>
20/06/19 10:48:18 : Username and Password not accepted. Learn more at<EOL> https://support.google.com/mail/?p=BadCredentials v184sm420065qki.12 - gsmtp<EOL>
20/06/19 10:48:42 : Username and Password not accepted. Learn more at<EOL> https://support.google.com/mail/?p=BadCredentials q69sm5691322qke.66 - gsmtp<EOL>
20/06/19 10:51:04 : Username and Password not accepted. Learn more at<EOL> https://support.google.com/mail/?p=BadCredentials i94sm5804949qtd.2 - gsmtp<EOL>
20/06/19 10:54:43 : Username and Password not accepted. Learn more at<EOL> https://support.google.com/mail/?p=BadCredentials f3sm5595230qta.44 - gsmtp<EOL>
20/06/19 10:54:57 : Username and Password not accepted. Learn more at<EOL> https://support.google.com/mail/?p=BadCredentials v59sm5834688qte.96 - gsmtp<EOL>
20/06/19 12:01:00 : Username and Password not accepted. Learn more at<EOL> https://support.google.com/mail/?p=BadCredentials q38sm6262584qtb.74 - gsmtp<EOL>
20/06/19 12:02:47 : Username and Password not accepted. Learn more at<EOL> https://support.google.com/mail/?p=BadCredentials h8sm6185566qto.0 - gsmtp<EOL>
20/06/19 12:10:55 : Username and Password not accepted. Learn more at<EOL> https://support.google.com/mail/?p=BadCredentials g5sm6847563qta.46 - gsmtp<EOL>
20/06/19 12:21:48 : Username and Password not accepted. Learn more at<EOL> https://support.google.com/mail/?p=BadCredentials v22sm6360323qka.122 - gsmtp<EOL>
20/06/19 12:23:01 : Username and Password not accepted. Learn more at<EOL> https://support.google.com/mail/?p=BadCredentials i22sm225457qki.4 - gsmtp<EOL>
20/06/19 12:28:23 : Username and Password not accepted. Learn more at<EOL> https://support.google.com/mail/?p=BadCredentials a27sm6346129qtc.92 - gsmtp<EOL>
20/06/19 12:28:39 : Username and Password not accepted. Learn more at<EOL> https://support.google.com/mail/?p=BadCredentials z3sm5633373qkl.111 - gsmtp<EOL>
20/06/19 12:28:45 : Username and Password not accepted. Learn more at<EOL> https://support.google.com/mail/?p=BadCredentials a18sm3389604qkc.2 - gsmtp<EOL>
